0 info it worked if it ends with ok
1 verbose cli [
1 verbose cli   'C:\\Program Files\\nodejs\\node.exe',
1 verbose cli   'C:\\Users\\Yaelle\\AppData\\Roaming\\npm\\node_modules\\npm\\bin\\npm-cli.js',
1 verbose cli   'i',
1 verbose cli   '--save',
1 verbose cli   'nodemon'
1 verbose cli ]
2 info using npm@4.1.1
3 info using node@v16.13.0
4 silly loadCurrentTree Starting
5 silly install loadCurrentTree
6 silly install readLocalPackageData
7 verbose stack TypeError: cb.apply is not a function
7 verbose stack     at C:\Users\Yaelle\AppData\Roaming\npm\node_modules\npm\node_modules\graceful-fs\polyfills.js:287:18
7 verbose stack     at FSReqCallback.oncomplete (node:fs:199:5)
8 verbose cwd C:\Users\Yaelle\Documents\Projects\udemy-microservices-nodejs-and-react\mini-microservices app\posts
9 error Windows_NT 10.0.19042
10 error argv "C:\\Program Files\\nodejs\\node.exe" "C:\\Users\\Yaelle\\AppData\\Roaming\\npm\\node_modules\\npm\\bin\\npm-cli.js" "i" "--save" "nodemon"
11 error node v16.13.0
12 error npm  v4.1.1
13 error cb.apply is not a function
14 error If you need help, you may report this error at:
14 error     <https://github.com/npm/npm/issues>
15 verbose exit [ 1, true ]
